c:\users\dirk_\source\repos\simplerender\simplerender\x64\debug\camera.obj
c:\users\dirk_\source\repos\simplerender\simplerender\x64\debug\object.obj
c:\users\dirk_\source\repos\simplerender\simplerender\x64\debug\texture.obj
c:\users\dirk_\source\repos\simplerender\simplerender\x64\debug\glwindow.obj
c:\users\dirk_\source\repos\simplerender\simplerender\x64\debug\main.obj
c:\users\dirk_\source\repos\simplerender\simplerender\x64\debug\meshtriangle.obj
c:\users\dirk_\source\repos\simplerender\simplerender\x64\debug\light.obj
c:\users\dirk_\source\repos\simplerender\simplerender\x64\debug\scene.obj
c:\users\dirk_\source\repos\simplerender\simplerender\x64\debug\vc142.pdb
c:\users\dirk_\source\repos\simplerender\simplerender\x64\debug\arcball.obj
c:\users\dirk_\source\repos\simplerender\simplerender\x64\debug\mesh.obj
c:\users\dirk_\source\repos\simplerender\simplerender\x64\debug\moc_glwindow.obj
c:\users\dirk_\source\repos\simplerender\x64\debug\simplerenderer.exe
c:\users\dirk_\source\repos\simplerender\x64\debug\simplerenderer.pdb
c:\users\dirk_\source\repos\simplerender\simplerender\x64\debug\\moc\moc_glwindow.cpp
c:\users\dirk_\source\repos\simplerender\simplerender\x64\debug\simplerenderer.res
c:\users\dirk_\source\repos\simplerender\simplerender\x64\debug\moc\moc_glwindow.cpp
c:\users\dirk_\source\repos\simplerender\simplerender\x64\debug\simplerenderer.tlog\cl.command.1.tlog
c:\users\dirk_\source\repos\simplerender\simplerender\x64\debug\simplerenderer.tlog\cl.read.1.tlog
c:\users\dirk_\source\repos\simplerender\simplerender\x64\debug\simplerenderer.tlog\cl.write.1.tlog
c:\users\dirk_\source\repos\simplerender\simplerender\x64\debug\simplerenderer.tlog\link.command.1.tlog
c:\users\dirk_\source\repos\simplerender\simplerender\x64\debug\simplerenderer.tlog\link.read.1.tlog
c:\users\dirk_\source\repos\simplerender\simplerender\x64\debug\simplerenderer.tlog\link.write.1.tlog
c:\users\dirk_\source\repos\simplerender\simplerender\x64\debug\simplerenderer.tlog\moc.read.1u.tlog
c:\users\dirk_\source\repos\simplerender\simplerender\x64\debug\simplerenderer.tlog\moc.write.1u.tlog
c:\users\dirk_\source\repos\simplerender\simplerender\x64\debug\simplerenderer.tlog\rc.command.1.tlog
c:\users\dirk_\source\repos\simplerender\simplerender\x64\debug\simplerenderer.tlog\rc.read.1.tlog
c:\users\dirk_\source\repos\simplerender\simplerender\x64\debug\simplerenderer.tlog\rc.write.1.tlog
c:\users\dirk_\source\repos\simplerender\simplerender\x64\debug\simplerenderer.tlog\simplerenderer.write.1u.tlog
