  Reading Qt configuration (C:\Qt\5.14.2\msvc2017_64\bin\qmake.exe)
  moc src\GLwindow.h
  Raytracer.cpp
  Arcball.cpp
  Camera.cpp
  GLwindow.cpp
  Light.cpp
  main.cpp
  MeshTriangle.cpp
  Quad.cpp
  Rasteriser.cpp
  Texture.cpp
  Triangle.cpp
  Vector.cpp
C:\Users\dirk_\source\repos\SimpleRender\SimpleRender\src\MeshTriangle.h(6,9): warning C4067: unexpected tokens following preprocessor directive - expected a newline (compiling source file src\MeshTriangle.cpp)
C:\Users\dirk_\source\repos\SimpleRender\SimpleRender\src\MeshTriangle.h(6,9): warning C4067: unexpected tokens following preprocessor directive - expected a newline (compiling source file src\Light.cpp)
C:\Users\dirk_\source\repos\SimpleRender\SimpleRender\src\MeshTriangle.h(6,9): warning C4067: unexpected tokens following preprocessor directive - expected a newline (compiling source file src\Raytracer.cpp)
C:\Users\dirk_\source\repos\SimpleRender\SimpleRender\src\MeshTriangle.h(6,9): warning C4067: unexpected tokens following preprocessor directive - expected a newline (compiling source file src\Rasteriser.cpp)
C:\Users\dirk_\source\repos\SimpleRender\SimpleRender\src\MeshTriangle.h(6,9): warning C4067: unexpected tokens following preprocessor directive - expected a newline (compiling source file src\GLwindow.cpp)
C:\Users\dirk_\source\repos\SimpleRender\SimpleRender\src\MeshTriangle.h(6,9): warning C4067: unexpected tokens following preprocessor directive - expected a newline (compiling source file src\main.cpp)
C:\Users\dirk_\source\repos\SimpleRender\SimpleRender\src\Texture.cpp(53): warning C4715: 'Texture::load': not all control paths return a value
  moc_GLwindow.cpp
C:\Users\dirk_\source\repos\SimpleRender\SimpleRender\src\MeshTriangle.h(6,9): warning C4067: unexpected tokens following preprocessor directive - expected a newline
  SimpleRender.vcxproj -> C:\Users\dirk_\source\repos\SimpleRender\SimpleRender\bin\x64\Release\SimpleRenderer.exe
